{"/Users/anatoliy/projects/1602/rabbit/index.js":{"path":"/Users/anatoliy/projects/1602/rabbit/index.js","s":{"1":1},"b":{},"f":{},"fnMap":{},"statementMap":{"1":{"start":{"line":3,"column":0},"end":{"line":3,"column":38}}},"branchMap":{}},"/Users/anatoliy/projects/1602/rabbit/domains/index.js":{"path":"/Users/anatoliy/projects/1602/rabbit/domains/index.js","s":{"1":1,"2":1,"3":1,"4":1,"5":1,"6":1,"7":9,"8":9,"9":9,"10":9,"11":9,"12":9,"13":9,"14":1,"15":1,"16":1,"17":1,"18":0,"19":0,"20":0,"21":9,"22":9,"23":9,"24":9,"25":9,"26":1,"27":1,"28":3,"29":3,"30":9,"31":3,"32":2,"33":6,"34":1,"35":5,"36":4,"37":3,"38":4,"39":4,"40":9,"41":0,"42":0,"43":9,"44":9,"45":9,"46":9,"47":0,"48":0,"49":9,"50":0,"51":9,"52":7,"53":2,"54":9,"55":9,"56":9,"57":9,"58":1,"59":9,"60":9,"61":9,"62":9,"63":9,"64":1,"65":9,"66":3,"67":1,"68":9,"69":1,"70":1,"71":1,"72":1,"73":1,"74":1,"75":1,"76":1,"77":1,"78":2,"79":2,"80":2,"81":2,"82":2,"83":2,"84":2,"85":2,"86":1,"87":9,"88":9,"89":3,"90":1,"91":9,"92":1,"93":1,"94":1,"95":1,"96":2,"97":2,"98":1,"99":1,"100":3,"101":3,"102":1,"103":3,"104":1,"105":1,"106":1,"107":1,"108":1,"109":0,"110":1,"111":1,"112":1,"113":1,"114":1,"115":1,"116":1,"117":1,"118":1,"119":0,"120":1,"121":1,"122":1,"123":1,"124":1,"125":0,"126":1,"127":1,"128":1,"129":1,"130":1,"131":1,"132":1,"133":1,"134":1,"135":2,"136":0,"137":2,"138":2,"139":2,"140":2,"141":0,"142":0,"143":2,"144":2,"145":2,"146":2,"147":1,"148":9,"149":6,"150":3,"151":3,"152":3,"153":3,"154":3,"155":3,"156":3,"157":3,"158":1,"159":3,"160":5,"161":5,"162":5,"163":5,"164":5,"165":5,"166":1,"167":2,"168":2,"169":2,"170":1,"171":1,"172":1,"173":2,"174":2,"175":2,"176":2,"177":2,"178":2,"179":0,"180":0,"181":0,"182":1,"183":2,"184":2,"185":1,"186":2,"187":2,"188":0,"189":0,"190":0,"191":1,"192":3},"b":{"1":[1,0],"2":[4,0],"3":[0,9],"4":[2,5],"5":[7,2],"6":[2,0],"7":[2,2],"8":[2,0],"9":[3,3],"10":[0,1],"11":[1,1],"12":[0,1],"13":[1,0],"14":[1,0],"15":[1,0],"16":[0,1],"17":[1,0],"18":[0,2],"19":[0,2],"20":[6,3],"21":[3,3],"22":[3,0],"23":[0,5],"24":[2,0],"25":[0,0],"26":[1,1],"27":[2,2],"28":[2,0],"29":[0,0]},"f":{"1":9,"2":9,"3":3,"4":9,"5":9,"6":2,"7":9,"8":3,"9":3,"10":1,"11":1,"12":1,"13":1,"14":1,"15":2,"16":9,"17":3,"18":2,"19":2,"20":2,"21":2,"22":3},"fnMap":{"1":{"name":"initTransport","line":11,"loc":{"start":{"line":11,"column":0},"end":{"line":11,"column":33}}},"2":{"name":"(anonymous_2)","line":41,"loc":{"start":{"line":41,"column":13},"end":{"line":41,"column":16}}},"3":{"name":"getReady","line":48,"loc":{"start":{"line":48,"column":4},"end":{"line":48,"column":24}}},"4":{"name":"setupChannel","line":112,"loc":{"start":{"line":112,"column":4},"end":{"line":112,"column":35}}},"5":{"name":"initRPC","line":122,"loc":{"start":{"line":122,"column":4},"end":{"line":122,"column":23}}},"6":{"name":"consume","line":151,"loc":{"start":{"line":151,"column":8},"end":{"line":151,"column":44}}},"7":{"name":"listenServers","line":164,"loc":{"start":{"line":164,"column":4},"end":{"line":164,"column":29}}},"8":{"name":"addQueue","line":186,"loc":{"start":{"line":186,"column":4},"end":{"line":186,"column":39}}},"9":{"name":"isValidQueueDescriptor","line":191,"loc":{"start":{"line":191,"column":4},"end":{"line":191,"column":53}}},"10":{"name":"server","line":195,"loc":{"start":{"line":195,"column":4},"end":{"line":195,"column":26}}},"11":{"name":"client","line":209,"loc":{"start":{"line":209,"column":4},"end":{"line":209,"column":26}}},"12":{"name":"send","line":222,"loc":{"start":{"line":222,"column":15},"end":{"line":222,"column":53}}},"13":{"name":"getCorrelationId","line":240,"loc":{"start":{"line":240,"column":8},"end":{"line":240,"column":43}}},"14":{"name":"rpc","line":249,"loc":{"start":{"line":249,"column":4},"end":{"line":249,"column":23}}},"15":{"name":"send","line":262,"loc":{"start":{"line":262,"column":15},"end":{"line":262,"column":38}}},"16":{"name":"assertQueues","line":304,"loc":{"start":{"line":304,"column":4},"end":{"line":304,"column":28}}},"17":{"name":"assertRoutes","line":326,"loc":{"start":{"line":326,"column":8},"end":{"line":326,"column":41}}},"18":{"name":"execJob","line":358,"loc":{"start":{"line":358,"column":4},"end":{"line":358,"column":71}}},"19":{"name":"reply","line":371,"loc":{"start":{"line":371,"column":8},"end":{"line":371,"column":38}}},"20":{"name":"parseReplyTo","line":398,"loc":{"start":{"line":398,"column":8},"end":{"line":398,"column":45}}},"21":{"name":"getContext","line":403,"loc":{"start":{"line":403,"column":8},"end":{"line":403,"column":30}}},"22":{"name":"generateId","line":416,"loc":{"start":{"line":416,"column":4},"end":{"line":416,"column":26}}}},"statementMap":{"1":{"start":{"line":3,"column":0},"end":{"line":3,"column":33}},"2":{"start":{"line":4,"column":0},"end":{"line":4,"column":44}},"3":{"start":{"line":6,"column":0},"end":{"line":6,"column":49}},"4":{"start":{"line":7,"column":0},"end":{"line":7,"column":43}},"5":{"start":{"line":9,"column":0},"end":{"line":9,"column":31}},"6":{"start":{"line":11,"column":0},"end":{"line":422,"column":1}},"7":{"start":{"line":13,"column":4},"end":{"line":13,"column":29}},"8":{"start":{"line":15,"column":4},"end":{"line":15,"column":22}},"9":{"start":{"line":16,"column":4},"end":{"line":16,"column":27}},"10":{"start":{"line":17,"column":4},"end":{"line":17,"column":50}},"11":{"start":{"line":18,"column":4},"end":{"line":18,"column":57}},"12":{"start":{"line":19,"column":4},"end":{"line":19,"column":34}},"13":{"start":{"line":21,"column":4},"end":{"line":30,"column":13}},"14":{"start":{"line":22,"column":8},"end":{"line":22,"column":28}},"15":{"start":{"line":23,"column":8},"end":{"line":23,"column":31}},"16":{"start":{"line":24,"column":8},"end":{"line":24,"column":21}},"17":{"start":{"line":25,"column":8},"end":{"line":29,"column":9}},"18":{"start":{"line":26,"column":12},"end":{"line":26,"column":50}},"19":{"start":{"line":27,"column":12},"end":{"line":27,"column":96}},"20":{"start":{"line":28,"column":12},"end":{"line":28,"column":68}},"21":{"start":{"line":32,"column":4},"end":{"line":32,"column":43}},"22":{"start":{"line":33,"column":4},"end":{"line":33,"column":38}},"23":{"start":{"line":35,"column":4},"end":{"line":46,"column":6}},"24":{"start":{"line":42,"column":12},"end":{"line":42,"column":46}},"25":{"start":{"line":43,"column":12},"end":{"line":43,"column":31}},"26":{"start":{"line":45,"column":27},"end":{"line":45,"column":51}},"27":{"start":{"line":48,"column":4},"end":{"line":52,"column":5}},"28":{"start":{"line":49,"column":8},"end":{"line":51,"column":11}},"29":{"start":{"line":50,"column":12},"end":{"line":50,"column":40}},"30":{"start":{"line":54,"column":4},"end":{"line":77,"column":6}},"31":{"start":{"line":56,"column":12},"end":{"line":56,"column":57}},"32":{"start":{"line":59,"column":12},"end":{"line":59,"column":57}},"33":{"start":{"line":62,"column":12},"end":{"line":62,"column":47}},"34":{"start":{"line":65,"column":12},"end":{"line":65,"column":47}},"35":{"start":{"line":68,"column":25},"end":{"line":69,"column":50}},"36":{"start":{"line":69,"column":31},"end":{"line":69,"column":49}},"37":{"start":{"line":72,"column":12},"end":{"line":76,"column":14}},"38":{"start":{"line":73,"column":16},"end":{"line":75,"column":17}},"39":{"start":{"line":74,"column":20},"end":{"line":74,"column":28}},"40":{"start":{"line":79,"column":4},"end":{"line":82,"column":5}},"41":{"start":{"line":80,"column":8},"end":{"line":80,"column":49}},"42":{"start":{"line":81,"column":8},"end":{"line":81,"column":48}},"43":{"start":{"line":84,"column":4},"end":{"line":84,"column":50}},"44":{"start":{"line":85,"column":4},"end":{"line":85,"column":36}},"45":{"start":{"line":87,"column":4},"end":{"line":97,"column":6}},"46":{"start":{"line":88,"column":8},"end":{"line":96,"column":62}},"47":{"start":{"line":92,"column":16},"end":{"line":92,"column":88}},"48":{"start":{"line":93,"column":16},"end":{"line":93,"column":35}},"49":{"start":{"line":95,"column":24},"end":{"line":95,"column":50}},"50":{"start":{"line":96,"column":26},"end":{"line":96,"column":61}},"51":{"start":{"line":99,"column":4},"end":{"line":103,"column":7}},"52":{"start":{"line":100,"column":8},"end":{"line":102,"column":9}},"53":{"start":{"line":101,"column":12},"end":{"line":101,"column":36}},"54":{"start":{"line":105,"column":4},"end":{"line":108,"column":7}},"55":{"start":{"line":106,"column":8},"end":{"line":107,"column":56}},"56":{"start":{"line":107,"column":24},"end":{"line":107,"column":54}},"57":{"start":{"line":110,"column":4},"end":{"line":110,"column":21}},"58":{"start":{"line":112,"column":4},"end":{"line":120,"column":5}},"59":{"start":{"line":114,"column":8},"end":{"line":114,"column":32}},"60":{"start":{"line":116,"column":8},"end":{"line":119,"column":39}},"61":{"start":{"line":117,"column":24},"end":{"line":117,"column":38}},"62":{"start":{"line":118,"column":24},"end":{"line":118,"column":65}},"63":{"start":{"line":119,"column":24},"end":{"line":119,"column":37}},"64":{"start":{"line":122,"column":4},"end":{"line":162,"column":5}},"65":{"start":{"line":123,"column":8},"end":{"line":125,"column":30}},"66":{"start":{"line":124,"column":25},"end":{"line":124,"column":41}},"67":{"start":{"line":125,"column":22},"end":{"line":125,"column":28}},"68":{"start":{"line":127,"column":8},"end":{"line":149,"column":16}},"69":{"start":{"line":129,"column":16},"end":{"line":129,"column":58}},"70":{"start":{"line":130,"column":16},"end":{"line":130,"column":56}},"71":{"start":{"line":131,"column":16},"end":{"line":131,"column":67}},"72":{"start":{"line":133,"column":16},"end":{"line":148,"column":23}},"73":{"start":{"line":138,"column":24},"end":{"line":138,"column":48}},"74":{"start":{"line":139,"column":24},"end":{"line":139,"column":48}},"75":{"start":{"line":141,"column":24},"end":{"line":141,"column":75}},"76":{"start":{"line":143,"column":24},"end":{"line":146,"column":27}},"77":{"start":{"line":151,"column":8},"end":{"line":161,"column":9}},"78":{"start":{"line":152,"column":12},"end":{"line":160,"column":15}},"79":{"start":{"line":153,"column":16},"end":{"line":153,"column":87}},"80":{"start":{"line":154,"column":16},"end":{"line":154,"column":39}},"81":{"start":{"line":155,"column":16},"end":{"line":155,"column":64}},"82":{"start":{"line":156,"column":16},"end":{"line":156,"column":60}},"83":{"start":{"line":157,"column":16},"end":{"line":157,"column":80}},"84":{"start":{"line":158,"column":16},"end":{"line":158,"column":56}},"85":{"start":{"line":159,"column":16},"end":{"line":159,"column":107}},"86":{"start":{"line":164,"column":4},"end":{"line":184,"column":5}},"87":{"start":{"line":165,"column":8},"end":{"line":165,"column":38}},"88":{"start":{"line":166,"column":8},"end":{"line":168,"column":30}},"89":{"start":{"line":167,"column":25},"end":{"line":167,"column":44}},"90":{"start":{"line":168,"column":22},"end":{"line":168,"column":28}},"91":{"start":{"line":170,"column":8},"end":{"line":183,"column":16}},"92":{"start":{"line":172,"column":16},"end":{"line":172,"column":88}},"93":{"start":{"line":173,"column":16},"end":{"line":182,"column":20}},"94":{"start":{"line":174,"column":20},"end":{"line":174,"column":72}},"95":{"start":{"line":176,"column":20},"end":{"line":181,"column":67}},"96":{"start":{"line":177,"column":24},"end":{"line":177,"column":95}},"97":{"start":{"line":178,"column":24},"end":{"line":178,"column":121}},"98":{"start":{"line":180,"column":36},"end":{"line":181,"column":65}},"99":{"start":{"line":186,"column":4},"end":{"line":189,"column":5}},"100":{"start":{"line":187,"column":8},"end":{"line":187,"column":94}},"101":{"start":{"line":188,"column":8},"end":{"line":188,"column":43}},"102":{"start":{"line":191,"column":4},"end":{"line":193,"column":5}},"103":{"start":{"line":192,"column":8},"end":{"line":192,"column":92}},"104":{"start":{"line":195,"column":4},"end":{"line":207,"column":5}},"105":{"start":{"line":196,"column":8},"end":{"line":196,"column":81}},"106":{"start":{"line":197,"column":8},"end":{"line":197,"column":31}},"107":{"start":{"line":199,"column":8},"end":{"line":202,"column":11}},"108":{"start":{"line":204,"column":8},"end":{"line":206,"column":9}},"109":{"start":{"line":205,"column":12},"end":{"line":205,"column":35}},"110":{"start":{"line":209,"column":4},"end":{"line":247,"column":5}},"111":{"start":{"line":210,"column":8},"end":{"line":210,"column":79}},"112":{"start":{"line":211,"column":8},"end":{"line":211,"column":31}},"113":{"start":{"line":213,"column":8},"end":{"line":216,"column":11}},"114":{"start":{"line":218,"column":8},"end":{"line":218,"column":53}},"115":{"start":{"line":219,"column":8},"end":{"line":219,"column":80}},"116":{"start":{"line":220,"column":8},"end":{"line":220,"column":59}},"117":{"start":{"line":222,"column":8},"end":{"line":238,"column":10}},"118":{"start":{"line":223,"column":12},"end":{"line":225,"column":13}},"119":{"start":{"line":224,"column":16},"end":{"line":224,"column":70}},"120":{"start":{"line":227,"column":12},"end":{"line":237,"column":19}},"121":{"start":{"line":229,"column":20},"end":{"line":229,"column":114}},"122":{"start":{"line":231,"column":20},"end":{"line":236,"column":22}},"123":{"start":{"line":240,"column":8},"end":{"line":246,"column":9}},"124":{"start":{"line":241,"column":12},"end":{"line":243,"column":13}},"125":{"start":{"line":242,"column":16},"end":{"line":242,"column":50}},"126":{"start":{"line":245,"column":12},"end":{"line":245,"column":32}},"127":{"start":{"line":249,"column":4},"end":{"line":302,"column":5}},"128":{"start":{"line":250,"column":8},"end":{"line":250,"column":83}},"129":{"start":{"line":251,"column":8},"end":{"line":251,"column":31}},"130":{"start":{"line":253,"column":8},"end":{"line":256,"column":11}},"131":{"start":{"line":258,"column":8},"end":{"line":258,"column":53}},"132":{"start":{"line":259,"column":8},"end":{"line":259,"column":51}},"133":{"start":{"line":260,"column":8},"end":{"line":260,"column":59}},"134":{"start":{"line":262,"column":8},"end":{"line":300,"column":10}},"135":{"start":{"line":263,"column":12},"end":{"line":265,"column":13}},"136":{"start":{"line":264,"column":16},"end":{"line":264,"column":70}},"137":{"start":{"line":267,"column":12},"end":{"line":267,"column":47}},"138":{"start":{"line":268,"column":12},"end":{"line":268,"column":45}},"139":{"start":{"line":270,"column":12},"end":{"line":274,"column":14}},"140":{"start":{"line":276,"column":12},"end":{"line":279,"column":13}},"141":{"start":{"line":277,"column":16},"end":{"line":277,"column":91}},"142":{"start":{"line":278,"column":16},"end":{"line":278,"column":57}},"143":{"start":{"line":281,"column":12},"end":{"line":281,"column":70}},"144":{"start":{"line":284,"column":12},"end":{"line":284,"column":61}},"145":{"start":{"line":286,"column":12},"end":{"line":297,"column":14}},"146":{"start":{"line":299,"column":12},"end":{"line":299,"column":36}},"147":{"start":{"line":304,"column":4},"end":{"line":356,"column":5}},"148":{"start":{"line":305,"column":8},"end":{"line":307,"column":9}},"149":{"start":{"line":306,"column":12},"end":{"line":306,"column":19}},"150":{"start":{"line":309,"column":8},"end":{"line":309,"column":38}},"151":{"start":{"line":311,"column":8},"end":{"line":311,"column":55}},"152":{"start":{"line":312,"column":8},"end":{"line":324,"column":68}},"153":{"start":{"line":313,"column":25},"end":{"line":322,"column":13}},"154":{"start":{"line":313,"column":41},"end":{"line":321,"column":22}},"155":{"start":{"line":318,"column":24},"end":{"line":320,"column":25}},"156":{"start":{"line":319,"column":28},"end":{"line":319,"column":61}},"157":{"start":{"line":324,"column":21},"end":{"line":324,"column":66}},"158":{"start":{"line":326,"column":8},"end":{"line":355,"column":9}},"159":{"start":{"line":328,"column":12},"end":{"line":354,"column":16}},"160":{"start":{"line":329,"column":16},"end":{"line":331,"column":54}},"161":{"start":{"line":333,"column":16},"end":{"line":333,"column":34}},"162":{"start":{"line":335,"column":16},"end":{"line":353,"column":23}},"163":{"start":{"line":340,"column":24},"end":{"line":340,"column":61}},"164":{"start":{"line":341,"column":24},"end":{"line":345,"column":35}},"165":{"start":{"line":347,"column":24},"end":{"line":352,"column":26}},"166":{"start":{"line":358,"column":4},"end":{"line":414,"column":5}},"167":{"start":{"line":359,"column":8},"end":{"line":359,"column":56}},"168":{"start":{"line":361,"column":8},"end":{"line":369,"column":16}},"169":{"start":{"line":362,"column":29},"end":{"line":362,"column":59}},"170":{"start":{"line":363,"column":29},"end":{"line":363,"column":53}},"171":{"start":{"line":365,"column":28},"end":{"line":369,"column":14}},"172":{"start":{"line":371,"column":8},"end":{"line":396,"column":9}},"173":{"start":{"line":373,"column":12},"end":{"line":373,"column":29}},"174":{"start":{"line":375,"column":12},"end":{"line":375,"column":71}},"175":{"start":{"line":376,"column":12},"end":{"line":376,"column":63}},"176":{"start":{"line":378,"column":12},"end":{"line":395,"column":13}},"177":{"start":{"line":379,"column":16},"end":{"line":379,"column":66}},"178":{"start":{"line":381,"column":16},"end":{"line":385,"column":18}},"179":{"start":{"line":386,"column":19},"end":{"line":395,"column":13}},"180":{"start":{"line":387,"column":16},"end":{"line":387,"column":71}},"181":{"start":{"line":389,"column":16},"end":{"line":394,"column":18}},"182":{"start":{"line":398,"column":8},"end":{"line":401,"column":9}},"183":{"start":{"line":399,"column":12},"end":{"line":399,"column":63}},"184":{"start":{"line":400,"column":12},"end":{"line":400,"column":59}},"185":{"start":{"line":403,"column":8},"end":{"line":413,"column":9}},"186":{"start":{"line":404,"column":12},"end":{"line":406,"column":13}},"187":{"start":{"line":405,"column":16},"end":{"line":405,"column":28}},"188":{"start":{"line":408,"column":12},"end":{"line":410,"column":13}},"189":{"start":{"line":409,"column":16},"end":{"line":409,"column":28}},"190":{"start":{"line":412,"column":12},"end":{"line":412,"column":64}},"191":{"start":{"line":416,"column":4},"end":{"line":420,"column":5}},"192":{"start":{"line":417,"column":8},"end":{"line":419,"column":49}}},"branchMap":{"1":{"line":25,"type":"binary-expr","locations":[{"start":{"line":25,"column":15},"end":{"line":25,"column":36}},{"start":{"line":25,"column":40},"end":{"line":25,"column":77}}]},"2":{"line":73,"type":"if","locations":[{"start":{"line":73,"column":16},"end":{"line":73,"column":16}},{"start":{"line":73,"column":16},"end":{"line":73,"column":16}}]},"3":{"line":79,"type":"if","locations":[{"start":{"line":79,"column":4},"end":{"line":79,"column":4}},{"start":{"line":79,"column":4},"end":{"line":79,"column":4}}]},"4":{"line":100,"type":"if","locations":[{"start":{"line":100,"column":8},"end":{"line":100,"column":8}},{"start":{"line":100,"column":8},"end":{"line":100,"column":8}}]},"5":{"line":100,"type":"binary-expr","locations":[{"start":{"line":100,"column":12},"end":{"line":100,"column":26}},{"start":{"line":100,"column":30},"end":{"line":100,"column":58}}]},"6":{"line":153,"type":"binary-expr","locations":[{"start":{"line":153,"column":35},"end":{"line":153,"column":54}},{"start":{"line":153,"column":58},"end":{"line":153,"column":67}}]},"7":{"line":177,"type":"binary-expr","locations":[{"start":{"line":177,"column":43},"end":{"line":177,"column":62}},{"start":{"line":177,"column":66},"end":{"line":177,"column":75}}]},"8":{"line":178,"type":"binary-expr","locations":[{"start":{"line":178,"column":64},"end":{"line":178,"column":73}},{"start":{"line":178,"column":77},"end":{"line":178,"column":101}}]},"9":{"line":192,"type":"binary-expr","locations":[{"start":{"line":192,"column":15},"end":{"line":192,"column":48}},{"start":{"line":192,"column":52},"end":{"line":192,"column":91}}]},"10":{"line":204,"type":"if","locations":[{"start":{"line":204,"column":8},"end":{"line":204,"column":8}},{"start":{"line":204,"column":8},"end":{"line":204,"column":8}}]},"11":{"line":219,"type":"binary-expr","locations":[{"start":{"line":219,"column":22},"end":{"line":219,"column":47}},{"start":{"line":219,"column":51},"end":{"line":219,"column":79}}]},"12":{"line":223,"type":"if","locations":[{"start":{"line":223,"column":12},"end":{"line":223,"column":12}},{"start":{"line":223,"column":12},"end":{"line":223,"column":12}}]},"13":{"line":227,"type":"binary-expr","locations":[{"start":{"line":227,"column":45},"end":{"line":227,"column":49}},{"start":{"line":227,"column":53},"end":{"line":227,"column":65}}]},"14":{"line":229,"type":"binary-expr","locations":[{"start":{"line":229,"column":69},"end":{"line":229,"column":76}},{"start":{"line":229,"column":80},"end":{"line":229,"column":85}}]},"15":{"line":233,"type":"binary-expr","locations":[{"start":{"line":233,"column":24},"end":{"line":233,"column":31}},{"start":{"line":233,"column":35},"end":{"line":233,"column":40}}]},"16":{"line":241,"type":"if","locations":[{"start":{"line":241,"column":12},"end":{"line":241,"column":12}},{"start":{"line":241,"column":12},"end":{"line":241,"column":12}}]},"17":{"line":241,"type":"binary-expr","locations":[{"start":{"line":241,"column":16},"end":{"line":241,"column":23}},{"start":{"line":241,"column":27},"end":{"line":241,"column":44}}]},"18":{"line":263,"type":"if","locations":[{"start":{"line":263,"column":12},"end":{"line":263,"column":12}},{"start":{"line":263,"column":12},"end":{"line":263,"column":12}}]},"19":{"line":276,"type":"if","locations":[{"start":{"line":276,"column":12},"end":{"line":276,"column":12}},{"start":{"line":276,"column":12},"end":{"line":276,"column":12}}]},"20":{"line":305,"type":"if","locations":[{"start":{"line":305,"column":8},"end":{"line":305,"column":8}},{"start":{"line":305,"column":8},"end":{"line":305,"column":8}}]},"21":{"line":315,"type":"binary-expr","locations":[{"start":{"line":315,"column":20},"end":{"line":315,"column":34}},{"start":{"line":315,"column":38},"end":{"line":315,"column":46}}]},"22":{"line":318,"type":"if","locations":[{"start":{"line":318,"column":24},"end":{"line":318,"column":24}},{"start":{"line":318,"column":24},"end":{"line":318,"column":24}}]},"23":{"line":329,"type":"cond-expr","locations":[{"start":{"line":330,"column":22},"end":{"line":330,"column":24}},{"start":{"line":331,"column":22},"end":{"line":331,"column":53}}]},"24":{"line":378,"type":"if","locations":[{"start":{"line":378,"column":12},"end":{"line":378,"column":12}},{"start":{"line":378,"column":12},"end":{"line":378,"column":12}}]},"25":{"line":386,"type":"if","locations":[{"start":{"line":386,"column":19},"end":{"line":386,"column":19}},{"start":{"line":386,"column":19},"end":{"line":386,"column":19}}]},"26":{"line":399,"type":"cond-expr","locations":[{"start":{"line":399,"column":47},"end":{"line":399,"column":54}},{"start":{"line":399,"column":57},"end":{"line":399,"column":62}}]},"27":{"line":400,"type":"binary-expr","locations":[{"start":{"line":400,"column":19},"end":{"line":400,"column":26}},{"start":{"line":400,"column":30},"end":{"line":400,"column":58}}]},"28":{"line":404,"type":"if","locations":[{"start":{"line":404,"column":12},"end":{"line":404,"column":12}},{"start":{"line":404,"column":12},"end":{"line":404,"column":12}}]},"29":{"line":408,"type":"if","locations":[{"start":{"line":408,"column":12},"end":{"line":408,"column":12}},{"start":{"line":408,"column":12},"end":{"line":408,"column":12}}]}}},"/Users/anatoliy/projects/1602/rabbit/domains/connection.js":{"path":"/Users/anatoliy/projects/1602/rabbit/domains/connection.js","s":{"1":1,"2":1,"3":1,"4":1,"5":1,"6":1,"7":9,"8":9,"9":9,"10":9,"11":9,"12":9,"13":9,"14":9,"15":7,"16":2,"17":1,"18":11,"19":1,"20":1,"21":1,"22":9,"23":1,"24":9,"25":9,"26":1,"27":11,"28":2,"29":1,"30":1,"31":1,"32":1,"33":1,"34":1,"35":10,"36":9,"37":2,"38":9,"39":7,"40":7,"41":1,"42":1,"43":1,"44":6,"45":9,"46":9,"47":9,"48":9},"b":{"1":[7,2],"2":[9,9],"3":[9,9],"4":[1,1],"5":[1,0],"6":[1,6],"7":[1,0]},"f":{"1":9,"2":9,"3":11,"4":1,"5":9,"6":9,"7":11,"8":10},"fnMap":{"1":{"name":"init","line":12,"loc":{"start":{"line":12,"column":0},"end":{"line":12,"column":24}}},"2":{"name":"(anonymous_2)","line":28,"loc":{"start":{"line":28,"column":13},"end":{"line":28,"column":16}}},"3":{"name":"isDisconnected","line":38,"loc":{"start":{"line":38,"column":4},"end":{"line":38,"column":30}}},"4":{"name":"isConnected","line":42,"loc":{"start":{"line":42,"column":4},"end":{"line":42,"column":27}}},"5":{"name":"createChannel","line":46,"loc":{"start":{"line":46,"column":4},"end":{"line":46,"column":29}}},"6":{"name":"closeConnection","line":50,"loc":{"start":{"line":50,"column":4},"end":{"line":50,"column":31}}},"7":{"name":"connect","line":55,"loc":{"start":{"line":55,"column":4},"end":{"line":55,"column":31}}},"8":{"name":"setupConnection","line":68,"loc":{"start":{"line":68,"column":4},"end":{"line":68,"column":41}}}},"statementMap":{"1":{"start":{"line":3,"column":0},"end":{"line":3,"column":39}},"2":{"start":{"line":5,"column":0},"end":{"line":5,"column":35}},"3":{"start":{"line":6,"column":0},"end":{"line":6,"column":39}},"4":{"start":{"line":8,"column":0},"end":{"line":8,"column":52}},"5":{"start":{"line":10,"column":0},"end":{"line":10,"column":22}},"6":{"start":{"line":12,"column":0},"end":{"line":92,"column":1}},"7":{"start":{"line":14,"column":4},"end":{"line":14,"column":38}},"8":{"start":{"line":16,"column":4},"end":{"line":16,"column":39}},"9":{"start":{"line":17,"column":4},"end":{"line":17,"column":31}},"10":{"start":{"line":18,"column":4},"end":{"line":18,"column":32}},"11":{"start":{"line":20,"column":4},"end":{"line":20,"column":39}},"12":{"start":{"line":22,"column":4},"end":{"line":36,"column":6}},"13":{"start":{"line":29,"column":12},"end":{"line":29,"column":30}},"14":{"start":{"line":30,"column":12},"end":{"line":32,"column":13}},"15":{"start":{"line":31,"column":16},"end":{"line":31,"column":41}},"16":{"start":{"line":35,"column":26},"end":{"line":35,"column":43}},"17":{"start":{"line":38,"column":4},"end":{"line":40,"column":5}},"18":{"start":{"line":39,"column":8},"end":{"line":39,"column":40}},"19":{"start":{"line":42,"column":4},"end":{"line":44,"column":5}},"20":{"start":{"line":43,"column":8},"end":{"line":43,"column":37}},"21":{"start":{"line":46,"column":4},"end":{"line":48,"column":5}},"22":{"start":{"line":47,"column":8},"end":{"line":47,"column":68}},"23":{"start":{"line":50,"column":4},"end":{"line":53,"column":5}},"24":{"start":{"line":51,"column":8},"end":{"line":51,"column":31}},"25":{"start":{"line":52,"column":8},"end":{"line":52,"column":60}},"26":{"start":{"line":55,"column":4},"end":{"line":66,"column":5}},"27":{"start":{"line":56,"column":8},"end":{"line":65,"column":15}},"28":{"start":{"line":58,"column":16},"end":{"line":62,"column":17}},"29":{"start":{"line":59,"column":20},"end":{"line":59,"column":80}},"30":{"start":{"line":61,"column":20},"end":{"line":61,"column":140}},"31":{"start":{"line":61,"column":44},"end":{"line":61,"column":138}},"32":{"start":{"line":61,"column":61},"end":{"line":61,"column":81}},"33":{"start":{"line":64,"column":16},"end":{"line":64,"column":26}},"34":{"start":{"line":68,"column":4},"end":{"line":90,"column":5}},"35":{"start":{"line":69,"column":8},"end":{"line":89,"column":15}},"36":{"start":{"line":71,"column":16},"end":{"line":73,"column":19}},"37":{"start":{"line":72,"column":20},"end":{"line":72,"column":59}},"38":{"start":{"line":74,"column":16},"end":{"line":84,"column":19}},"39":{"start":{"line":75,"column":20},"end":{"line":75,"column":43}},"40":{"start":{"line":76,"column":20},"end":{"line":83,"column":21}},"41":{"start":{"line":77,"column":24},"end":{"line":77,"column":79}},"42":{"start":{"line":78,"column":24},"end":{"line":80,"column":83}},"43":{"start":{"line":79,"column":28},"end":{"line":79,"column":63}},"44":{"start":{"line":82,"column":24},"end":{"line":82,"column":71}},"45":{"start":{"line":85,"column":16},"end":{"line":85,"column":46}},"46":{"start":{"line":86,"column":16},"end":{"line":86,"column":36}},"47":{"start":{"line":87,"column":16},"end":{"line":87,"column":41}},"48":{"start":{"line":88,"column":16},"end":{"line":88,"column":34}}},"branchMap":{"1":{"line":30,"type":"if","locations":[{"start":{"line":30,"column":12},"end":{"line":30,"column":12}},{"start":{"line":30,"column":12},"end":{"line":30,"column":12}}]},"2":{"line":47,"type":"binary-expr","locations":[{"start":{"line":47,"column":15},"end":{"line":47,"column":31}},{"start":{"line":47,"column":35},"end":{"line":47,"column":67}}]},"3":{"line":52,"type":"binary-expr","locations":[{"start":{"line":52,"column":15},"end":{"line":52,"column":31}},{"start":{"line":52,"column":35},"end":{"line":52,"column":59}}]},"4":{"line":58,"type":"if","locations":[{"start":{"line":58,"column":16},"end":{"line":58,"column":16}},{"start":{"line":58,"column":16},"end":{"line":58,"column":16}}]},"5":{"line":61,"type":"binary-expr","locations":[{"start":{"line":61,"column":83},"end":{"line":61,"column":108}},{"start":{"line":61,"column":112},"end":{"line":61,"column":137}}]},"6":{"line":76,"type":"if","locations":[{"start":{"line":76,"column":20},"end":{"line":76,"column":20}},{"start":{"line":76,"column":20},"end":{"line":76,"column":20}}]},"7":{"line":80,"type":"binary-expr","locations":[{"start":{"line":80,"column":27},"end":{"line":80,"column":52}},{"start":{"line":80,"column":56},"end":{"line":80,"column":81}}]}}},"/Users/anatoliy/projects/1602/rabbit/domains/channel.js":{"path":"/Users/anatoliy/projects/1602/rabbit/domains/channel.js","s":{"1":1,"2":1,"3":1,"4":1,"5":1,"6":9,"7":9,"8":9,"9":9,"10":1,"11":9,"12":9,"13":9,"14":2,"15":2,"16":2,"17":9,"18":7,"19":7,"20":9,"21":9,"22":9,"23":9},"b":{"1":[9,9]},"f":{"1":9,"2":9},"fnMap":{"1":{"name":"channel","line":11,"loc":{"start":{"line":11,"column":0},"end":{"line":11,"column":19}}},"2":{"name":"bind","line":21,"loc":{"start":{"line":21,"column":4},"end":{"line":21,"column":37}}}},"statementMap":{"1":{"start":{"line":3,"column":0},"end":{"line":3,"column":25}},"2":{"start":{"line":5,"column":0},"end":{"line":5,"column":27}},"3":{"start":{"line":7,"column":0},"end":{"line":7,"column":39}},"4":{"start":{"line":9,"column":0},"end":{"line":9,"column":49}},"5":{"start":{"line":11,"column":0},"end":{"line":47,"column":1}},"6":{"start":{"line":12,"column":4},"end":{"line":12,"column":38}},"7":{"start":{"line":13,"column":4},"end":{"line":13,"column":23}},"8":{"start":{"line":15,"column":4},"end":{"line":19,"column":6}},"9":{"start":{"line":18,"column":19},"end":{"line":18,"column":33}},"10":{"start":{"line":21,"column":4},"end":{"line":45,"column":5}},"11":{"start":{"line":23,"column":8},"end":{"line":23,"column":33}},"12":{"start":{"line":25,"column":8},"end":{"line":25,"column":35}},"13":{"start":{"line":27,"column":8},"end":{"line":31,"column":11}},"14":{"start":{"line":28,"column":12},"end":{"line":28,"column":40}},"15":{"start":{"line":29,"column":12},"end":{"line":29,"column":34}},"16":{"start":{"line":30,"column":12},"end":{"line":30,"column":38}},"17":{"start":{"line":33,"column":8},"end":{"line":36,"column":11}},"18":{"start":{"line":34,"column":12},"end":{"line":34,"column":37}},"19":{"start":{"line":35,"column":12},"end":{"line":35,"column":49}},"20":{"start":{"line":38,"column":8},"end":{"line":38,"column":68}},"21":{"start":{"line":40,"column":8},"end":{"line":44,"column":15}},"22":{"start":{"line":42,"column":16},"end":{"line":42,"column":39}},"23":{"start":{"line":43,"column":16},"end":{"line":43,"column":37}}},"branchMap":{"1":{"line":38,"type":"binary-expr","locations":[{"start":{"line":38,"column":30},"end":{"line":38,"column":47}},{"start":{"line":38,"column":51},"end":{"line":38,"column":67}}]}}}}