TN:
SF:/Users/anatoliy/projects/1602/rabbit/index.js
FNF:0
FNH:0
DA:3,1
LF:1
LH:1
BRF:0
BRH:0
end_of_record
TN:
SF:/Users/anatoliy/projects/1602/rabbit/domains/index.js
FN:11,initTransport
FN:41,(anonymous_2)
FN:48,getReady
FN:112,setupChannel
FN:122,initRPC
FN:151,consume
FN:164,listenServers
FN:186,addQueue
FN:191,isValidQueueDescriptor
FN:195,server
FN:209,client
FN:222,send
FN:240,getCorrelationId
FN:249,rpc
FN:262,send
FN:304,assertQueues
FN:326,assertRoutes
FN:358,execJob
FN:371,reply
FN:398,parseReplyTo
FN:403,getContext
FN:416,generateId
FNF:22
FNH:22
FNDA:9,initTransport
FNDA:9,(anonymous_2)
FNDA:3,getReady
FNDA:9,setupChannel
FNDA:9,initRPC
FNDA:2,consume
FNDA:9,listenServers
FNDA:3,addQueue
FNDA:3,isValidQueueDescriptor
FNDA:1,server
FNDA:1,client
FNDA:1,send
FNDA:1,getCorrelationId
FNDA:1,rpc
FNDA:2,send
FNDA:9,assertQueues
FNDA:3,assertRoutes
FNDA:2,execJob
FNDA:2,reply
FNDA:2,parseReplyTo
FNDA:2,getContext
FNDA:3,generateId
DA:3,1
DA:4,1
DA:6,1
DA:7,1
DA:9,1
DA:11,1
DA:13,9
DA:15,9
DA:16,9
DA:17,9
DA:18,9
DA:19,9
DA:21,9
DA:22,1
DA:23,1
DA:24,1
DA:25,1
DA:26,0
DA:27,0
DA:28,0
DA:32,9
DA:33,9
DA:35,9
DA:42,9
DA:43,9
DA:45,1
DA:48,1
DA:49,3
DA:50,3
DA:54,9
DA:56,3
DA:59,2
DA:62,6
DA:65,1
DA:68,5
DA:69,4
DA:72,3
DA:73,4
DA:74,4
DA:79,9
DA:80,0
DA:81,0
DA:84,9
DA:85,9
DA:87,9
DA:88,9
DA:92,0
DA:93,0
DA:95,9
DA:96,0
DA:99,9
DA:100,7
DA:101,2
DA:105,9
DA:106,9
DA:107,9
DA:110,9
DA:112,1
DA:114,9
DA:116,9
DA:117,9
DA:118,9
DA:119,9
DA:122,1
DA:123,9
DA:124,3
DA:125,1
DA:127,9
DA:129,1
DA:130,1
DA:131,1
DA:133,1
DA:138,1
DA:139,1
DA:141,1
DA:143,1
DA:151,1
DA:152,2
DA:153,2
DA:154,2
DA:155,2
DA:156,2
DA:157,2
DA:158,2
DA:159,2
DA:164,1
DA:165,9
DA:166,9
DA:167,3
DA:168,1
DA:170,9
DA:172,1
DA:173,1
DA:174,1
DA:176,1
DA:177,2
DA:178,2
DA:180,1
DA:186,1
DA:187,3
DA:188,3
DA:191,1
DA:192,3
DA:195,1
DA:196,1
DA:197,1
DA:199,1
DA:204,1
DA:205,0
DA:209,1
DA:210,1
DA:211,1
DA:213,1
DA:218,1
DA:219,1
DA:220,1
DA:222,1
DA:223,1
DA:224,0
DA:227,1
DA:229,1
DA:231,1
DA:240,1
DA:241,1
DA:242,0
DA:245,1
DA:249,1
DA:250,1
DA:251,1
DA:253,1
DA:258,1
DA:259,1
DA:260,1
DA:262,1
DA:263,2
DA:264,0
DA:267,2
DA:268,2
DA:270,2
DA:276,2
DA:277,0
DA:278,0
DA:281,2
DA:284,2
DA:286,2
DA:299,2
DA:304,1
DA:305,9
DA:306,6
DA:309,3
DA:311,3
DA:312,3
DA:313,3
DA:318,3
DA:319,3
DA:324,3
DA:326,1
DA:328,3
DA:329,5
DA:333,5
DA:335,5
DA:340,5
DA:341,5
DA:347,5
DA:358,1
DA:359,2
DA:361,2
DA:362,2
DA:363,1
DA:365,1
DA:371,1
DA:373,2
DA:375,2
DA:376,2
DA:378,2
DA:379,2
DA:381,2
DA:386,0
DA:387,0
DA:389,0
DA:398,1
DA:399,2
DA:400,2
DA:403,1
DA:404,2
DA:405,2
DA:408,0
DA:409,0
DA:412,0
DA:416,1
DA:417,3
LF:191
LH:171
BRDA:25,1,0,1
BRDA:25,1,1,0
BRDA:73,2,0,4
BRDA:73,2,1,0
BRDA:79,3,0,0
BRDA:79,3,1,9
BRDA:100,4,0,2
BRDA:100,4,1,5
BRDA:100,5,0,7
BRDA:100,5,1,2
BRDA:153,6,0,2
BRDA:153,6,1,0
BRDA:177,7,0,2
BRDA:177,7,1,2
BRDA:178,8,0,2
BRDA:178,8,1,0
BRDA:192,9,0,3
BRDA:192,9,1,3
BRDA:204,10,0,0
BRDA:204,10,1,1
BRDA:219,11,0,1
BRDA:219,11,1,1
BRDA:223,12,0,0
BRDA:223,12,1,1
BRDA:227,13,0,1
BRDA:227,13,1,0
BRDA:229,14,0,1
BRDA:229,14,1,0
BRDA:233,15,0,1
BRDA:233,15,1,0
BRDA:241,16,0,0
BRDA:241,16,1,1
BRDA:241,17,0,1
BRDA:241,17,1,0
BRDA:263,18,0,0
BRDA:263,18,1,2
BRDA:276,19,0,0
BRDA:276,19,1,2
BRDA:305,20,0,6
BRDA:305,20,1,3
BRDA:315,21,0,3
BRDA:315,21,1,3
BRDA:318,22,0,3
BRDA:318,22,1,0
BRDA:329,23,0,0
BRDA:329,23,1,5
BRDA:378,24,0,2
BRDA:378,24,1,0
BRDA:386,25,0,0
BRDA:386,25,1,0
BRDA:399,26,0,1
BRDA:399,26,1,1
BRDA:400,27,0,2
BRDA:400,27,1,2
BRDA:404,28,0,2
BRDA:404,28,1,0
BRDA:408,29,0,0
BRDA:408,29,1,0
BRF:58
BRH:36
end_of_record
TN:
SF:/Users/anatoliy/projects/1602/rabbit/domains/connection.js
FN:12,init
FN:28,(anonymous_2)
FN:38,isDisconnected
FN:42,isConnected
FN:46,createChannel
FN:50,closeConnection
FN:55,connect
FN:68,setupConnection
FNF:8
FNH:8
FNDA:9,init
FNDA:9,(anonymous_2)
FNDA:11,isDisconnected
FNDA:1,isConnected
FNDA:9,createChannel
FNDA:9,closeConnection
FNDA:11,connect
FNDA:10,setupConnection
DA:3,1
DA:5,1
DA:6,1
DA:8,1
DA:10,1
DA:12,1
DA:14,9
DA:16,9
DA:17,9
DA:18,9
DA:20,9
DA:22,9
DA:29,9
DA:30,9
DA:31,7
DA:35,2
DA:38,1
DA:39,11
DA:42,1
DA:43,1
DA:46,1
DA:47,9
DA:50,1
DA:51,9
DA:52,9
DA:55,1
DA:56,11
DA:58,2
DA:59,1
DA:61,1
DA:64,1
DA:68,1
DA:69,10
DA:71,9
DA:72,2
DA:74,9
DA:75,7
DA:76,7
DA:77,1
DA:78,1
DA:79,1
DA:82,6
DA:85,9
DA:86,9
DA:87,9
DA:88,9
LF:46
LH:46
BRDA:30,1,0,7
BRDA:30,1,1,2
BRDA:47,2,0,9
BRDA:47,2,1,9
BRDA:52,3,0,9
BRDA:52,3,1,9
BRDA:58,4,0,1
BRDA:58,4,1,1
BRDA:61,5,0,1
BRDA:61,5,1,0
BRDA:76,6,0,1
BRDA:76,6,1,6
BRDA:80,7,0,1
BRDA:80,7,1,0
BRF:14
BRH:12
end_of_record
TN:
SF:/Users/anatoliy/projects/1602/rabbit/domains/channel.js
FN:11,channel
FN:21,bind
FNF:2
FNH:2
FNDA:9,channel
FNDA:9,bind
DA:3,1
DA:5,1
DA:7,1
DA:9,1
DA:11,1
DA:12,9
DA:13,9
DA:15,9
DA:18,9
DA:21,1
DA:23,9
DA:25,9
DA:27,9
DA:28,2
DA:29,2
DA:30,2
DA:33,9
DA:34,7
DA:35,7
DA:38,9
DA:40,9
DA:42,9
DA:43,9
LF:23
LH:23
BRDA:38,1,0,9
BRDA:38,1,1,9
BRF:2
BRH:2
end_of_record
